[debug] [2018-07-03T17:17:33.795Z] ----------------------------------------------------------------------
[debug] [2018-07-03T17:17:33.797Z] Command:       /Users/johnrake/.nvm/versions/node/v6.14.0/bin/node /Users/johnrake/.nvm/versions/node/v6.14.0/bin/firebase deploy --only functions
[debug] [2018-07-03T17:17:33.797Z] CLI Version:   3.19.2
[debug] [2018-07-03T17:17:33.797Z] Platform:      darwin
[debug] [2018-07-03T17:17:33.797Z] Node Version:  v6.14.0
[debug] [2018-07-03T17:17:33.798Z] Time:          Tue Jul 03 2018 12:17:33 GMT-0500 (CDT)
[debug] [2018-07-03T17:17:33.798Z] ----------------------------------------------------------------------
[debug] 
[debug] [2018-07-03T17:17:33.808Z] > command requires scopes: ["email","openid","https://www.googleapis.com/auth/cloudplatformprojects.readonly","https://www.googleapis.com/auth/firebase","https://www.googleapis.com/auth/cloud-platform"]
[debug] [2018-07-03T17:17:33.808Z] > authorizing via signed-in user
[debug] [2018-07-03T17:17:33.810Z] >>> HTTP REQUEST GET https://admin.firebase.com/v1/projects/pursoo-f1e1d  
  
 Tue Jul 03 2018 12:17:33 GMT-0500 (CDT)
[debug] [2018-07-03T17:17:34.129Z] <<< HTTP RESPONSE 200
[debug] [2018-07-03T17:17:34.130Z] >>> HTTP REQUEST GET https://admin.firebase.com/v1/database/pursoo-f1e1d/tokens  
  
 Tue Jul 03 2018 12:17:34 GMT-0500 (CDT)
[debug] [2018-07-03T17:17:34.715Z] <<< HTTP RESPONSE 200
[info] 
[info] === Deploying to 'pursoo-f1e1d'...
[info] 
[info] i  deploying functions
[debug] [2018-07-03T17:17:36.271Z] > [functions] package.json contents: {
  "name": "functions",
  "description": "Cloud Functions for Firebase",
  "scripts": {
    "serve": "firebase serve --only functions",
    "shell": "firebase functions:shell",
    "start": "npm run shell",
    "deploy": "firebase deploy --only functions",
    "logs": "firebase functions:log"
  },
  "dependencies": {
    "firebase-admin": "~5.12.1",
    "firebase-functions": "^1.0.3"
  },
  "private": true
}
[info] i  functions: ensuring necessary APIs are enabled...
[debug] [2018-07-03T17:17:36.272Z] >>> HTTP REQUEST GET https://servicemanagement.googleapis.com/v1/services/cloudfunctions.googleapis.com/projectSettings/pursoo-f1e1d?view=CONSUMER_VIEW  
  
 Tue Jul 03 2018 12:17:36 GMT-0500 (CDT)
[debug] [2018-07-03T17:17:36.273Z] >>> HTTP REQUEST GET https://servicemanagement.googleapis.com/v1/services/runtimeconfig.googleapis.com/projectSettings/pursoo-f1e1d?view=CONSUMER_VIEW  
  
 Tue Jul 03 2018 12:17:36 GMT-0500 (CDT)
[debug] [2018-07-03T17:17:36.976Z] <<< HTTP RESPONSE 200
[debug] [2018-07-03T17:17:37.003Z] <<< HTTP RESPONSE 200
[info] ✔  functions: all necessary APIs are enabled
[debug] [2018-07-03T17:17:37.005Z] >>> HTTP REQUEST GET https://cloudresourcemanager.googleapis.com/v1/projects/pursoo-f1e1d  
  
 Tue Jul 03 2018 12:17:37 GMT-0500 (CDT)
[debug] [2018-07-03T17:17:37.192Z] <<< HTTP RESPONSE 200
[debug] [2018-07-03T17:17:37.193Z] >>> HTTP REQUEST GET https://mobilesdk-pa.googleapis.com/v1/projects/891410242074:getServerAppConfig  
  
 Tue Jul 03 2018 12:17:37 GMT-0500 (CDT)
[debug] [2018-07-03T17:17:37.501Z] <<< HTTP RESPONSE 200
[info] i  functions: preparing functions directory for uploading...
[debug] [2018-07-03T17:17:37.503Z] >>> HTTP REQUEST GET https://runtimeconfig.googleapis.com/v1beta1/projects/pursoo-f1e1d/configs  
  
 Tue Jul 03 2018 12:17:37 GMT-0500 (CDT)
[debug] [2018-07-03T17:17:37.693Z] <<< HTTP RESPONSE 200
[info] i  functions: packaged functions (1.08 KB) for uploading
[debug] [2018-07-03T17:17:37.860Z] >>> HTTP REQUEST POST https://cloudfunctions.googleapis.com/v1/projects/pursoo-f1e1d/locations/us-central1/functions:generateUploadUrl  
  
 Tue Jul 03 2018 12:17:37 GMT-0500 (CDT)
[debug] [2018-07-03T17:18:08.083Z] <<< HTTP RESPONSE 503
[debug] [2018-07-03T17:18:08.083Z] <<< HTTP RESPONSE BODY {
  "error": {
    "code": 503,
    "message": "The service is currently unavailable.",
    "status": "UNAVAILABLE"
  }
}

[debug] [2018-07-03T17:18:08.086Z] TypeError: Cannot create property 'error' on string '{
  "error": {
    "code": 503,
    "message": "The service is currently unavailable.",
    "status": "UNAVAILABLE"
  }
}
'
    at module.exports (/Users/johnrake/.nvm/versions/node/v6.14.0/lib/node_modules/firebase-tools/lib/responseToError.js:11:16)
    at Request._callback (/Users/johnrake/.nvm/versions/node/v6.14.0/lib/node_modules/firebase-tools/lib/api.js:47:25)
    at Request.self.callback (/Users/johnrake/.nvm/versions/node/v6.14.0/lib/node_modules/firebase-tools/node_modules/request/request.js:185:22)
    at emitTwo (events.js:106:13)
    at Request.emit (events.js:191:7)
    at Request.<anonymous> (/Users/johnrake/.nvm/versions/node/v6.14.0/lib/node_modules/firebase-tools/node_modules/request/request.js:1157:10)
    at emitOne (events.js:96:13)
    at Request.emit (events.js:188:7)
    at IncomingMessage.<anonymous> (/Users/johnrake/.nvm/versions/node/v6.14.0/lib/node_modules/firebase-tools/node_modules/request/request.js:1079:12)
    at IncomingMessage.g (events.js:292:16)
[error] 
[error] Error: An unexpected error has occurred.
